<?xml version="1.0" encoding="UTF-8"?>
<!-- Generated by org.testng.reporters.JUnitReportReporter -->
<testsuite hostname="ashish" failures="0" tests="12" name="api.testcases.UserTest2" time="22.236" errors="0" timestamp="2025-02-04T19:36:11 IST" skipped="0">
  <testcase classname="api.testcases.UserTest2" name="testCreateUser" time="3.412"/>
  <system-out/>
  <testcase classname="api.testcases.UserTest2" name="testCreateUser" time="1.697"/>
  <system-out/>
  <testcase classname="api.testcases.UserTest2" name="testCreateUser" time="1.634"/>
  <system-out/>
  <testcase classname="api.testcases.UserTest2" name="testGetUserData" time="1.600"/>
  <system-out/>
  <testcase classname="api.testcases.UserTest2" name="testGetUserData" time="1.626"/>
  <system-out/>
  <testcase classname="api.testcases.UserTest2" name="testGetUserData" time="1.585"/>
  <system-out/>
  <testcase classname="api.testcases.UserTest2" name="testDeleteUser" time="1.830"/>
  <system-out/>
  <testcase classname="api.testcases.UserTest2" name="testDeleteUser" time="1.512"/>
  <system-out/>
  <testcase classname="api.testcases.UserTest2" name="testDeleteUser" time="1.712"/>
  <system-out/>
  <testcase classname="api.testcases.UserTest2" name="testUpdateUser" time="1.595"/>
  <system-out/>
  <testcase classname="api.testcases.UserTest2" name="testUpdateUser" time="1.719"/>
  <system-out/>
  <testcase classname="api.testcases.UserTest2" name="testUpdateUser" time="2.314"/>
  <system-out/>
</testsuite> <!-- api.testcases.UserTest2 -->
