<?xml version="1.0" encoding="UTF-8"?>
<!-- Generated by org.testng.reporters.JUnitReportReporter -->
<testsuite hostname="ashish" failures="0" tests="1" name="DemoAPI.PostAPI" time="2.733" errors="0" timestamp="2025-01-29T19:31:53 IST" skipped="0">
  <testcase classname="DemoAPI.PostAPI" name="PostAPIAutomation" time="2.733"/>
  <system-out/>
</testsuite> <!-- DemoAPI.PostAPI -->
