<?xml version="1.0" encoding="UTF-8"?>
<!-- Generated by org.testng.reporters.JUnitReportReporter -->
<testsuite hostname="ashish" failures="0" tests="12" name="api.testcases.UserTestwithLogs" time="17.818" errors="0" timestamp="2025-02-05T17:58:01 IST" skipped="0">
  <testcase classname="api.testcases.UserTestwithLogs" name="testCreateUser" time="1.235"/>
  <system-out/>
  <testcase classname="api.testcases.UserTestwithLogs" name="testCreateUser" time="1.345"/>
  <system-out/>
  <testcase classname="api.testcases.UserTestwithLogs" name="testCreateUser" time="2.860"/>
  <system-out/>
  <testcase classname="api.testcases.UserTestwithLogs" name="testGetUserData" time="1.271"/>
  <system-out/>
  <testcase classname="api.testcases.UserTestwithLogs" name="testGetUserData" time="1.236"/>
  <system-out/>
  <testcase classname="api.testcases.UserTestwithLogs" name="testGetUserData" time="1.292"/>
  <system-out/>
  <testcase classname="api.testcases.UserTestwithLogs" name="testDeleteUser" time="1.233"/>
  <system-out/>
  <testcase classname="api.testcases.UserTestwithLogs" name="testDeleteUser" time="1.259"/>
  <system-out/>
  <testcase classname="api.testcases.UserTestwithLogs" name="testDeleteUser" time="1.269"/>
  <system-out/>
  <testcase classname="api.testcases.UserTestwithLogs" name="testUpdateUser" time="1.228"/>
  <system-out/>
  <testcase classname="api.testcases.UserTestwithLogs" name="testUpdateUser" time="2.250"/>
  <system-out/>
  <testcase classname="api.testcases.UserTestwithLogs" name="testUpdateUser" time="1.340"/>
  <system-out/>
</testsuite> <!-- api.testcases.UserTestwithLogs -->
