<?xml version="1.0" encoding="UTF-8"?>
<!-- Generated by org.testng.reporters.JUnitReportReporter -->
<testsuite hostname="ashish" failures="0" tests="1" name="DemoAPI.PatchAPI" time="2.252" errors="0" timestamp="2025-01-29T21:48:36 IST" skipped="0">
  <testcase classname="DemoAPI.PatchAPI" name="PATCHAPIAutomation" time="2.252"/>
  <system-out/>
</testsuite> <!-- DemoAPI.PatchAPI -->
