<?xml version="1.0" encoding="UTF-8"?>
<!-- Generated by org.testng.reporters.JUnitReportReporter -->
<testsuite hostname="ashish" failures="0" tests="1" name="DemoAPI.PutAPI" time="2.710" errors="0" timestamp="2025-01-29T21:44:11 IST" skipped="0">
  <testcase classname="DemoAPI.PutAPI" name="PostAPIAutomation" time="2.710"/>
  <system-out/>
</testsuite> <!-- DemoAPI.PutAPI -->
