<?xml version="1.0" encoding="UTF-8"?>
<!-- Generated by org.testng.reporters.JUnitReportReporter -->
<testsuite hostname="ashish" failures="0" tests="1" name="DemoAPI.GetAPI" time="2.399" errors="0" timestamp="2025-01-29T18:26:47 IST" skipped="0">
  <testcase classname="DemoAPI.GetAPI" name="GetAPIAutomation" time="2.399"/>
  <system-out/>
</testsuite> <!-- DemoAPI.GetAPI -->
