<?xml version="1.0" encoding="UTF-8"?>
<!-- Generated by org.testng.reporters.JUnitReportReporter -->
<testsuite hostname="ashish" failures="0" tests="4" name="api.testcases.UserTest" time="10.296" errors="0" timestamp="2025-02-02T21:33:35 IST" skipped="0">
  <testcase classname="api.testcases.UserTest" name="testCreateUser" time="3.887"/>
  <system-out/>
  <testcase classname="api.testcases.UserTest" name="testGetUserData" time="1.406"/>
  <system-out/>
  <testcase classname="api.testcases.UserTest" name="testUpdateUser" time="3.487"/>
  <system-out/>
  <testcase classname="api.testcases.UserTest" name="testDeleteUser" time="1.516"/>
  <system-out/>
</testsuite> <!-- api.testcases.UserTest -->
