<?xml version="1.0" encoding="UTF-8"?>
<!-- Generated by org.testng.reporters.JUnitReportReporter -->
<testsuite hostname="ashish" failures="0" tests="4" name="api.testcases.UserTest" time="10.613" errors="0" timestamp="2025-02-05T18:58:53 IST" skipped="0">
  <testcase classname="api.testcases.UserTest" name="testCreateUser" time="4.390"/>
  <system-out/>
  <testcase classname="api.testcases.UserTest" name="testGetUserData" time="1.647"/>
  <system-out/>
  <testcase classname="api.testcases.UserTest" name="testUpdateUser" time="3.070"/>
  <system-out/>
  <testcase classname="api.testcases.UserTest" name="testDeleteUser" time="1.506"/>
  <system-out/>
</testsuite> <!-- api.testcases.UserTest -->
